[28/Jul/2020:22:14:37] (I): WordPress Instance Info:
[28/Jul/2020:22:14:37] (I): Home URL : http://3vg.7cb.myftpupload.com
[28/Jul/2020:22:14:37] (I): Site URL : http://3vg.7cb.myftpupload.com
[28/Jul/2020:22:14:37] (I): WordPress Version : 5.4.2
[28/Jul/2020:22:14:37] (I): Onboarding Version : 1.0.1
[28/Jul/2020:22:14:37] (I): Multisite : No
[28/Jul/2020:22:14:37] (I): Server Info : Apache
[28/Jul/2020:22:14:37] (I): PHP Version : 7.3.12
[28/Jul/2020:22:14:37] (I): HTTPS : No
[28/Jul/2020:22:14:37] (I): PHP Max Execution Time : 300
[28/Jul/2020:22:14:37] (I): PHP Max Input Vars : 1000
[28/Jul/2020:22:14:37] (I): Max Upload Size : 104857600
[28/Jul/2020:22:14:37] (I): Plugins:
[28/Jul/2020:22:14:37] (I): [PLUGIN] CoBlocks : v2.1.0 (GoDaddy)
[28/Jul/2020:22:14:37] (I): [PLUGIN] Gutenberg Blocks and Template Library by Otter : v1.5.5 (ThemeIsle)
[28/Jul/2020:22:14:37] (I): [PLUGIN] Sucuri Security - Auditing, Malware Scanner and Hardening : v1.8.24 (Sucuri Inc.)
[28/Jul/2020:22:14:37] (I): [PLUGIN] Orbit Fox Companion : v2.9.12 (Themeisle)
[28/Jul/2020:22:14:37] (I): [PLUGIN] Yoast SEO : v14.6.1 (Team Yoast)
[28/Jul/2020:22:14:37] (I): [PLUGIN] WP101 Video Tutorials : v0.3 (WP101Plugin.com)
[28/Jul/2020:22:14:37] (P): Saving remote XML
[28/Jul/2020:22:14:38] (S): Saved remote XML at path /var/www/wp-content/uploads/themeisle-demo-import.xml.
[28/Jul/2020:22:14:38] (P): Starting content import...
[28/Jul/2020:22:14:38] (S): Import started.
[28/Jul/2020:22:14:38] (S): Parsing XML file.
[28/Jul/2020:22:14:38] (P): Starting parsing file:/var/www/wp-content/uploads/themeisle-demo-import.xml
[28/Jul/2020:22:14:38] (P): Using WXR_Parser_SimpleXML...
[28/Jul/2020:22:14:38] (S): Parsed XML
[28/Jul/2020:22:14:38] (P): Processing categories...
[28/Jul/2020:22:14:38] (S): Processed categories.
[28/Jul/2020:22:14:38] (P): Processing tags...
[28/Jul/2020:22:14:38] (S): No tags to process.
[28/Jul/2020:22:14:38] (P): Processing terms...
[28/Jul/2020:22:14:38] (S): Processed terms.
[28/Jul/2020:22:14:38] (P): Processing posts...
[28/Jul/2020:22:14:38] (P): Processing single menu item ' '...
[28/Jul/2020:22:14:38] (P): Processing attachment: https://s33834.pcdn.co/web-agency-gb/wp-content/uploads/sites/422/2020/01/neve-webdesign-GB-01.png...
[28/Jul/2020:22:14:38] (P): Fetching attachment from url: https://s33834.pcdn.co/web-agency-gb/wp-content/uploads/sites/422/2020/01/neve-webdesign-GB-01.png...
[28/Jul/2020:22:14:38] (S): Fetched remote attachment.
[28/Jul/2020:22:14:38] (P): Inserting attachment...
[28/Jul/2020:22:14:38] (S): Attachment inserted
[28/Jul/2020:22:14:38] (S): Processed attachment.
[28/Jul/2020:22:14:38] (P): Processing attachment: https://s33834.pcdn.co/web-agency-gb/wp-content/uploads/sites/422/2020/01/neve-webdesign-GB-03.png...
[28/Jul/2020:22:14:38] (P): Fetching attachment from url: https://s33834.pcdn.co/web-agency-gb/wp-content/uploads/sites/422/2020/01/neve-webdesign-GB-03.png...
[28/Jul/2020:22:14:38] (S): Fetched remote attachment.
[28/Jul/2020:22:14:38] (P): Inserting attachment...
[28/Jul/2020:22:14:38] (S): Attachment inserted
[28/Jul/2020:22:14:38] (S): Processed attachment.
[28/Jul/2020:22:14:38] (P): Processing attachment: https://s33834.pcdn.co/web-agency-gb/wp-content/uploads/sites/422/2020/01/neve-webdesign-GB-04.png...
[28/Jul/2020:22:14:38] (P): Fetching attachment from url: https://s33834.pcdn.co/web-agency-gb/wp-content/uploads/sites/422/2020/01/neve-webdesign-GB-04.png...
[28/Jul/2020:22:14:38] (S): Fetched remote attachment.
[28/Jul/2020:22:14:38] (P): Inserting attachment...
[28/Jul/2020:22:14:38] (S): Attachment inserted
[28/Jul/2020:22:14:38] (S): Processed attachment.
[28/Jul/2020:22:14:38] (P): Processing attachment: https://s33834.pcdn.co/web-agency-gb/wp-content/uploads/sites/422/2020/01/neve-web-design-bg-05.jpg...
[28/Jul/2020:22:14:38] (P): Fetching attachment from url: https://s33834.pcdn.co/web-agency-gb/wp-content/uploads/sites/422/2020/01/neve-web-design-bg-05.jpg...
[28/Jul/2020:22:14:38] (S): Fetched remote attachment.
[28/Jul/2020:22:14:38] (P): Inserting attachment...
[28/Jul/2020:22:14:38] (S): Attachment inserted
[28/Jul/2020:22:14:38] (S): Processed attachment.
[28/Jul/2020:22:14:38] (P): Processing attachment: https://s33834.pcdn.co/web-agency-gb/wp-content/uploads/sites/422/2020/01/neve-web-design-bg-06.jpg...
[28/Jul/2020:22:14:38] (P): Fetching attachment from url: https://s33834.pcdn.co/web-agency-gb/wp-content/uploads/sites/422/2020/01/neve-web-design-bg-06.jpg...
[28/Jul/2020:22:14:39] (S): Fetched remote attachment.
[28/Jul/2020:22:14:39] (P): Inserting attachment...
[28/Jul/2020:22:14:39] (S): Attachment inserted
[28/Jul/2020:22:14:39] (S): Processed attachment.
[28/Jul/2020:22:14:39] (P): Processing attachment: https://s33834.pcdn.co/web-agency-gb/wp-content/uploads/sites/422/2020/01/neve-web-design-bg-07.jpg...
[28/Jul/2020:22:14:39] (P): Fetching attachment from url: https://s33834.pcdn.co/web-agency-gb/wp-content/uploads/sites/422/2020/01/neve-web-design-bg-07.jpg...
[28/Jul/2020:22:14:39] (S): Fetched remote attachment.
[28/Jul/2020:22:14:39] (P): Inserting attachment...
[28/Jul/2020:22:14:39] (S): Attachment inserted
[28/Jul/2020:22:14:39] (S): Processed attachment.
[28/Jul/2020:22:14:39] (P): Processing attachment: https://s33834.pcdn.co/web-agency-gb/wp-content/uploads/sites/422/2020/01/neve-web-design-bg-08.jpg...
[28/Jul/2020:22:14:39] (P): Fetching attachment from url: https://s33834.pcdn.co/web-agency-gb/wp-content/uploads/sites/422/2020/01/neve-web-design-bg-08.jpg...
[28/Jul/2020:22:14:39] (S): Fetched remote attachment.
[28/Jul/2020:22:14:39] (P): Inserting attachment...
[28/Jul/2020:22:14:39] (S): Attachment inserted
[28/Jul/2020:22:14:39] (S): Processed attachment.
[28/Jul/2020:22:14:39] (P): Processing attachment: https://s33834.pcdn.co/web-agency-gb/wp-content/uploads/sites/422/2020/01/neve-web-design-bg-09.jpg...
[28/Jul/2020:22:14:39] (P): Fetching attachment from url: https://s33834.pcdn.co/web-agency-gb/wp-content/uploads/sites/422/2020/01/neve-web-design-bg-09.jpg...
[28/Jul/2020:22:14:39] (S): Fetched remote attachment.
[28/Jul/2020:22:14:39] (P): Inserting attachment...
[28/Jul/2020:22:14:39] (S): Attachment inserted
[28/Jul/2020:22:14:39] (S): Processed attachment.
[28/Jul/2020:22:14:39] (P): Processing attachment: https://s33834.pcdn.co/web-agency-gb/wp-content/uploads/sites/422/2020/01/neve-web-design-bg-10.jpg...
[28/Jul/2020:22:14:39] (P): Fetching attachment from url: https://s33834.pcdn.co/web-agency-gb/wp-content/uploads/sites/422/2020/01/neve-web-design-bg-10.jpg...
[28/Jul/2020:22:14:39] (S): Fetched remote attachment.
[28/Jul/2020:22:14:39] (P): Inserting attachment...
[28/Jul/2020:22:14:39] (S): Attachment inserted
[28/Jul/2020:22:14:39] (S): Processed attachment.
[28/Jul/2020:22:14:39] (P): Processing attachment: https://s33834.pcdn.co/web-agency-gb/wp-content/uploads/sites/422/2020/01/neve-web-design-bg-11.jpg...
[28/Jul/2020:22:14:39] (P): Fetching attachment from url: https://s33834.pcdn.co/web-agency-gb/wp-content/uploads/sites/422/2020/01/neve-web-design-bg-11.jpg...
[28/Jul/2020:22:14:39] (S): Fetched remote attachment.
[28/Jul/2020:22:14:39] (P): Inserting attachment...
[28/Jul/2020:22:14:39] (S): Attachment inserted
[28/Jul/2020:22:14:39] (S): Processed attachment.
[28/Jul/2020:22:14:39] (P): Processing attachment: https://s33834.pcdn.co/web-agency-gb/wp-content/uploads/sites/422/2020/01/neve-web-design-bg-12.jpg...
[28/Jul/2020:22:14:39] (P): Fetching attachment from url: https://s33834.pcdn.co/web-agency-gb/wp-content/uploads/sites/422/2020/01/neve-web-design-bg-12.jpg...
[28/Jul/2020:22:14:39] (S): Fetched remote attachment.
[28/Jul/2020:22:14:39] (P): Inserting attachment...
[28/Jul/2020:22:14:39] (S): Attachment inserted
[28/Jul/2020:22:14:39] (S): Processed attachment.
[28/Jul/2020:22:14:39] (P): Processing attachment: https://s33834.pcdn.co/web-agency-gb/wp-content/uploads/sites/422/2020/01/neve-web-design-bg-13.jpg...
[28/Jul/2020:22:14:39] (P): Fetching attachment from url: https://s33834.pcdn.co/web-agency-gb/wp-content/uploads/sites/422/2020/01/neve-web-design-bg-13.jpg...
[28/Jul/2020:22:14:39] (S): Fetched remote attachment.
[28/Jul/2020:22:14:39] (P): Inserting attachment...
[28/Jul/2020:22:14:39] (S): Attachment inserted
[28/Jul/2020:22:14:39] (S): Processed attachment.
[28/Jul/2020:22:14:39] (P): Processing attachment: https://s33834.pcdn.co/web-agency-gb/wp-content/uploads/sites/422/2020/01/neve-web-design-bg-14.jpg...
[28/Jul/2020:22:14:39] (P): Fetching attachment from url: https://s33834.pcdn.co/web-agency-gb/wp-content/uploads/sites/422/2020/01/neve-web-design-bg-14.jpg...
[28/Jul/2020:22:14:39] (S): Fetched remote attachment.
[28/Jul/2020:22:14:39] (P): Inserting attachment...
[28/Jul/2020:22:14:39] (S): Attachment inserted
[28/Jul/2020:22:14:39] (S): Processed attachment.
[28/Jul/2020:22:14:39] (P): Processing attachment: https://s33834.pcdn.co/web-agency-gb/wp-content/uploads/sites/422/2020/01/neve-web-design-bg-15.jpg...
[28/Jul/2020:22:14:39] (P): Fetching attachment from url: https://s33834.pcdn.co/web-agency-gb/wp-content/uploads/sites/422/2020/01/neve-web-design-bg-15.jpg...
[28/Jul/2020:22:14:39] (S): Fetched remote attachment.
[28/Jul/2020:22:14:39] (P): Inserting attachment...
[28/Jul/2020:22:14:39] (S): Attachment inserted
[28/Jul/2020:22:14:39] (S): Processed attachment.
[28/Jul/2020:22:14:39] (P): Processing attachment: https://s33834.pcdn.co/web-agency-gb/wp-content/uploads/sites/422/2020/06/web-agency-logo-2.png...
[28/Jul/2020:22:14:39] (P): Fetching attachment from url: https://s33834.pcdn.co/web-agency-gb/wp-content/uploads/sites/422/2020/06/web-agency-logo-2.png...
[28/Jul/2020:22:14:40] (S): Fetched remote attachment.
[28/Jul/2020:22:14:40] (P): Inserting attachment...
[28/Jul/2020:22:14:40] (S): Attachment inserted
[28/Jul/2020:22:14:40] (S): Processed attachment.
[28/Jul/2020:22:14:40] (P): Processing attachment: https://s33834.pcdn.co/web-agency-gb/wp-content/uploads/sites/422/2020/06/web-agency-icon.png...
[28/Jul/2020:22:14:40] (P): Fetching attachment from url: https://s33834.pcdn.co/web-agency-gb/wp-content/uploads/sites/422/2020/06/web-agency-icon.png...
[28/Jul/2020:22:14:40] (S): Fetched remote attachment.
[28/Jul/2020:22:14:40] (P): Inserting attachment...
[28/Jul/2020:22:14:40] (S): Attachment inserted
[28/Jul/2020:22:14:40] (S): Processed attachment.
[28/Jul/2020:22:14:40] (P): Processing attachment: https://s33834.pcdn.co/web-agency-gb/wp-content/uploads/sites/422/2020/06/cropped-web-agency-logo-2.png...
[28/Jul/2020:22:14:40] (P): Fetching attachment from url: https://s33834.pcdn.co/web-agency-gb/wp-content/uploads/sites/422/2020/06/cropped-web-agency-logo-2.png...
[28/Jul/2020:22:14:40] (S): Fetched remote attachment.
[28/Jul/2020:22:14:40] (P): Inserting attachment...
[28/Jul/2020:22:14:40] (S): Attachment inserted
[28/Jul/2020:22:14:40] (S): Processed attachment.
[28/Jul/2020:22:14:40] (P): Processing attachment: https://s33834.pcdn.co/web-agency-gb/wp-content/uploads/sites/422/2020/06/cropped-web-agency-icon.png...
[28/Jul/2020:22:14:40] (P): Fetching attachment from url: https://s33834.pcdn.co/web-agency-gb/wp-content/uploads/sites/422/2020/06/cropped-web-agency-icon.png...
[28/Jul/2020:22:14:40] (S): Fetched remote attachment.
[28/Jul/2020:22:14:40] (P): Inserting attachment...
[28/Jul/2020:22:14:40] (S): Attachment inserted
[28/Jul/2020:22:14:40] (S): Processed attachment.
[28/Jul/2020:22:14:40] (P): Processing attachment: https://s33834.pcdn.co/web-agency-gb/wp-content/uploads/sites/422/2020/07/web-design-studio-01.jpg.jpg...
[28/Jul/2020:22:14:40] (P): Fetching attachment from url: https://s33834.pcdn.co/web-agency-gb/wp-content/uploads/sites/422/2020/07/web-design-studio-01.jpg.jpg...
[28/Jul/2020:22:14:40] (S): Fetched remote attachment.
[28/Jul/2020:22:14:40] (P): Inserting attachment...
[28/Jul/2020:22:14:40] (S): Attachment inserted
[28/Jul/2020:22:14:40] (S): Processed attachment.
[28/Jul/2020:22:14:40] (P): Inserting post: 5 UX Principles for Creating a Great Website .
[28/Jul/2020:22:14:40] (S): Done inserting post: 5 UX Principles for Creating a Great Website .
[28/Jul/2020:22:14:40] (P): Inserting page: News .
[28/Jul/2020:22:14:40] (S): Done inserting page: News .
[28/Jul/2020:22:14:40] (P): Inserting page: Home .
[28/Jul/2020:22:14:40] (S): Done inserting page: Home .
[28/Jul/2020:22:14:40] (P): Processing single menu item ' '...
[28/Jul/2020:22:14:40] (S): Processed single menu item.
[28/Jul/2020:22:14:40] (P): Inserting post: Web Design Trends for 2020 .
[28/Jul/2020:22:14:40] (S): Done inserting post: Web Design Trends for 2020 .
[28/Jul/2020:22:14:40] (P): Inserting post: A Simple Guide to Design Thinking .
[28/Jul/2020:22:14:40] (S): Done inserting post: A Simple Guide to Design Thinking .
[28/Jul/2020:22:14:40] (P): Inserting wp_block: 3 column section .
[28/Jul/2020:22:14:40] (S): Done inserting wp_block: 3 column section .
[28/Jul/2020:22:14:40] (P): Inserting page: About Us .
[28/Jul/2020:22:14:40] (S): Done inserting page: About Us .
[28/Jul/2020:22:14:40] (P): Processing single menu item ' '...
[28/Jul/2020:22:14:40] (S): Processed single menu item.
[28/Jul/2020:22:14:40] (P): Inserting page: Portfolio .
[28/Jul/2020:22:14:40] (S): Done inserting page: Portfolio .
[28/Jul/2020:22:14:40] (P): Inserting page: Portfolio Single .
[28/Jul/2020:22:14:40] (S): Done inserting page: Portfolio Single .
[28/Jul/2020:22:14:40] (P): Processing single menu item ' '...
[28/Jul/2020:22:14:40] (S): Processed single menu item.
[28/Jul/2020:22:14:40] (P): Processing single menu item ' '...
[28/Jul/2020:22:14:40] (S): Processed single menu item.
[28/Jul/2020:22:14:40] (P): Inserting page: Contact Us .
[28/Jul/2020:22:14:40] (S): Done inserting page: Contact Us .
[28/Jul/2020:22:14:41] (P): Processing single menu item ' '...
[28/Jul/2020:22:14:41] (S): Processed single menu item.
[28/Jul/2020:22:14:41] (S): Processed posts.
[28/Jul/2020:22:14:41] (P): Processing single menu item ' '...
[28/Jul/2020:22:14:41] (S): Processed single menu item.
[28/Jul/2020:22:14:41] (P): Cleaning up import with id ...
[28/Jul/2020:22:14:41] (P): Done cleanup. Flushing cache...
[28/Jul/2020:22:14:41] (P): Flushed cache. Removing temporary data..
[28/Jul/2020:22:14:41] (S): Done importing
[28/Jul/2020:22:14:41] (P): Busting elementor cache
[28/Jul/2020:22:14:41] (S): Front page set up with id: 5.
