[2020-08-25 23:03:35 : INFO] - 
 
[2020-08-25 23:03:35 : INFO] - Header for logs at time:  Tue, 25 Aug 2020 23:03:35 +0000 on https://www.gsandiamo.com 
[2020-08-25 23:03:35 : INFO] - WP: 5.5 
[2020-08-25 23:03:35 : INFO] - PHP: 7.3.12 (cli, Linux p3nlwpweb302.prod.phx3.secureserver.net 4.4.216-1.el6.elrepo.x86_64 #1 SMP Wed Mar 11 09:29:51 EDT 2020 x86_64) 
[2020-08-25 23:03:35 : INFO] - MySQL: 5.7.26 
[2020-08-25 23:03:35 : INFO] - WPLANG: en_US 
[2020-08-25 23:03:35 : INFO] - Server:  
[2020-08-25 23:03:35 : INFO] - Outbound connections: N 
[2020-08-25 23:03:35 : INFO] - safe_mode: 0 
[2020-08-25 23:03:35 : INFO] - max_execution_time: 0 
[2020-08-25 23:03:35 : INFO] - memory_limit: -1 (used: 59.6M | 61M) 
[2020-08-25 23:03:35 : INFO] - multisite: N 
[2020-08-25 23:03:35 : INFO] - openssl: OpenSSL 1.0.1e 11 Feb 2013 
[2020-08-25 23:03:35 : INFO] - The queue for tasks of type "smush" is empty. Aborting! 
[2020-08-30 22:51:10 : INFO] - Re_Smush_It_Task with attachment ID : 619, autocreated on : August 30, 2020 10:51:10 
[2020-08-31 00:07:55 : INFO] - 
 
[2020-08-31 00:07:55 : INFO] - Header for logs at time:  Mon, 31 Aug 2020 00:07:55 +0000 on https://www.gsandiamo.com 
[2020-08-31 00:07:55 : INFO] - WP: 5.5 
[2020-08-31 00:07:55 : INFO] - PHP: 7.3.12 (cli, Linux p3nlwpweb302.prod.phx3.secureserver.net 4.4.216-1.el6.elrepo.x86_64 #1 SMP Wed Mar 11 09:29:51 EDT 2020 x86_64) 
[2020-08-31 00:07:55 : INFO] - MySQL: 5.7.26 
[2020-08-31 00:07:55 : INFO] - WPLANG: en_US 
[2020-08-31 00:07:55 : INFO] - Server:  
[2020-08-31 00:07:55 : INFO] - Outbound connections: N 
[2020-08-31 00:07:55 : INFO] - safe_mode: 0 
[2020-08-31 00:07:55 : INFO] - max_execution_time: 0 
[2020-08-31 00:07:55 : INFO] - memory_limit: -1 (used: 62.8M | 65M) 
[2020-08-31 00:07:55 : INFO] - multisite: N 
[2020-08-31 00:07:55 : INFO] - openssl: OpenSSL 1.0.1e 11 Feb 2013 
[2020-08-31 00:07:55 : INFO] - A total of 1 tasks of type smush found and will be processed in this iteration 
[2020-08-31 00:07:55 : INFO] - Set semaphore last lock (smush) time to 2020-08-31 00:07:55 
[2020-08-31 00:07:55 : INFO] - Semaphore lock (smush) complete 
[2020-08-31 00:07:55 : INFO] - Processing task with ID : 74, and type 'smush' 
[2020-08-31 00:07:55 : INFO] - Re_Smush_It_Task with attachment ID : 619, autocreated on : August 30, 2020 10:51:10 
[2020-08-31 00:07:55 : INFO] - 100 
[2020-08-31 00:07:59 : INFO] - Backing up the original image - 2020/08/Screen-Shot-2020-08-30-at-3.50.58-PM-updraft-pre-smush-original.png 
[2020-08-31 00:07:59 : INFO] - Re_Smush_It_Task with attachment ID : 619, autocreated on : August 30, 2020 10:51:10 
[2020-08-31 00:07:59 : INFO] - 100 
[2020-08-31 00:08:00 : INFO] - Re_Smush_It_Task with attachment ID : 619, autocreated on : August 30, 2020 10:51:10 
[2020-08-31 00:08:00 : INFO] - 100 
[2020-08-31 00:08:02 : INFO] - Re_Smush_It_Task with attachment ID : 619, autocreated on : August 30, 2020 10:51:10 
[2020-08-31 00:08:02 : INFO] - 100 
[2020-08-31 00:08:03 : INFO] - Re_Smush_It_Task with attachment ID : 619, autocreated on : August 30, 2020 10:51:10 
[2020-08-31 00:08:03 : INFO] - 100 
[2020-08-31 00:08:05 : INFO] - Re_Smush_It_Task with attachment ID : 619, autocreated on : August 30, 2020 10:51:10 
[2020-08-31 00:08:05 : INFO] - 100 
[2020-08-31 00:08:08 : INFO] - Re_Smush_It_Task with attachment ID : 619, autocreated on : August 30, 2020 10:51:10 
[2020-08-31 00:08:08 : INFO] - 100 
[2020-08-31 00:08:11 : INFO] - Re_Smush_It_Task with attachment ID : 619, autocreated on : August 30, 2020 10:51:10 
[2020-08-31 00:08:11 : INFO] - 100 
[2020-08-31 00:08:13 : INFO] - Re_Smush_It_Task with attachment ID : 619, autocreated on : August 30, 2020 10:51:10 
[2020-08-31 00:08:13 : INFO] - 100 
[2020-08-31 00:08:14 : INFO] - Successfully optimized the image - /home/content/p3pewpnas02pod03_data01/64/43580664/html/wp-content/uploads/2020/08/Screen-Shot-2020-08-30-at-3.50.58-PM.png.The file was compressed from 663.84 KB to 259.76 KB saving 60.87 percent using WP-Optimize 
[2020-08-31 00:08:14 : INFO] - Completed processing task with ID : 74, and type 'smush' 
[2020-08-31 00:08:14 : INFO] - Decremented the semaphore (smush) by 1 
[2020-08-31 00:08:14 : INFO] - Semaphore (smush) unlocked 
[2020-08-31 00:08:14 : INFO] - Successfully processed the queue (smush). 1 tasks were processed out of 1. 
[2020-08-31 00:08:14 : INFO] - Semaphore (smush, wp_wm2m5qq27d_options) was successfully cleaned up 
[2020-08-31 00:08:14 : INFO] - Cleaning up tasks of type (smush). A total of 1 tasks will be deleted. 
[2020-08-31 01:06:55 : INFO] - 
 
[2020-08-31 01:06:55 : INFO] - Header for logs at time:  Mon, 31 Aug 2020 01:06:55 +0000 on https://www.gsandiamo.com 
[2020-08-31 01:06:55 : INFO] - WP: 5.5 
[2020-08-31 01:06:55 : INFO] - PHP: 7.3.12 (cli, Linux p3nlwpweb302.prod.phx3.secureserver.net 4.4.216-1.el6.elrepo.x86_64 #1 SMP Wed Mar 11 09:29:51 EDT 2020 x86_64) 
[2020-08-31 01:06:55 : INFO] - MySQL: 5.7.26 
[2020-08-31 01:06:55 : INFO] - WPLANG: en_US 
[2020-08-31 01:06:55 : INFO] - Server:  
[2020-08-31 01:06:55 : INFO] - Outbound connections: N 
[2020-08-31 01:06:55 : INFO] - safe_mode: 0 
[2020-08-31 01:06:55 : INFO] - max_execution_time: 0 
[2020-08-31 01:06:55 : INFO] - memory_limit: -1 (used: 63.7M | 65M) 
[2020-08-31 01:06:55 : INFO] - multisite: N 
[2020-08-31 01:06:55 : INFO] - openssl: OpenSSL 1.0.1e 11 Feb 2013 
[2020-08-31 01:06:55 : INFO] - The queue for tasks of type "smush" is empty. Aborting! 
[2020-09-02 19:58:58 : INFO] - Re_Smush_It_Task with attachment ID : 628, autocreated on : September 02, 2020 07:58:58 
[2020-09-02 19:59:17 : INFO] - Re_Smush_It_Task with attachment ID : 629, autocreated on : September 02, 2020 07:59:17 
[2020-09-02 20:15:10 : INFO] - Re_Smush_It_Task with attachment ID : 640, autocreated on : September 02, 2020 08:15:10 
[2020-09-02 20:17:07 : INFO] - Re_Smush_It_Task with attachment ID : 641, autocreated on : September 02, 2020 08:17:07 
[2020-09-02 20:25:13 : INFO] - Re_Smush_It_Task with attachment ID : 649, autocreated on : September 02, 2020 08:25:12 
[2020-09-02 20:25:28 : INFO] - Re_Smush_It_Task with attachment ID : 650, autocreated on : September 02, 2020 08:25:28 
[2020-09-02 20:36:36 : INFO] - 
 
[2020-09-02 20:36:36 : INFO] - Header for logs at time:  Wed, 02 Sep 2020 20:36:36 +0000 on https://www.gsandiamo.com 
[2020-09-02 20:36:36 : INFO] - WP: 5.5 
[2020-09-02 20:36:36 : INFO] - PHP: 7.3.12 (cli, Linux p3nlwpweb309.prod.phx3.secureserver.net 4.4.216-1.el6.elrepo.x86_64 #1 SMP Wed Mar 11 09:29:51 EDT 2020 x86_64) 
[2020-09-02 20:36:36 : INFO] - MySQL: 5.7.26 
[2020-09-02 20:36:36 : INFO] - WPLANG: en_US 
[2020-09-02 20:36:36 : INFO] - Server:  
[2020-09-02 20:36:36 : INFO] - Outbound connections: N 
[2020-09-02 20:36:36 : INFO] - safe_mode: 0 
[2020-09-02 20:36:36 : INFO] - max_execution_time: 0 
[2020-09-02 20:36:36 : INFO] - memory_limit: -1 (used: 18.7M | 22M) 
[2020-09-02 20:36:36 : INFO] - multisite: N 
[2020-09-02 20:36:36 : INFO] - openssl: OpenSSL 1.0.1e 11 Feb 2013 
[2020-09-02 20:36:36 : INFO] - A total of 6 tasks of type smush found and will be processed in this iteration 
[2020-09-02 20:36:36 : INFO] - Set semaphore last lock (smush) time to 2020-09-02 20:36:36 
[2020-09-02 20:36:36 : INFO] - Semaphore lock (smush) complete 
[2020-09-02 20:36:36 : INFO] - Processing task with ID : 75, and type 'smush' 
[2020-09-02 20:36:36 : INFO] - Re_Smush_It_Task with attachment ID : 628, autocreated on : September 02, 2020 07:58:58 
[2020-09-02 20:36:36 : INFO] - 100 
[2020-09-02 20:36:40 : INFO] - Backing up the original image - 2020/09/20200105-20200105_D750_345-scaled-updraft-pre-smush-original.jpg 
[2020-09-02 20:36:40 : INFO] - Re_Smush_It_Task with attachment ID : 628, autocreated on : September 02, 2020 07:58:58 
[2020-09-02 20:36:40 : INFO] - 100 
[2020-09-02 20:36:42 : INFO] - Re_Smush_It_Task with attachment ID : 628, autocreated on : September 02, 2020 07:58:58 
[2020-09-02 20:36:42 : INFO] - 100 
[2020-09-02 20:36:44 : INFO] - Re_Smush_It_Task with attachment ID : 628, autocreated on : September 02, 2020 07:58:58 
[2020-09-02 20:36:44 : INFO] - 100 
[2020-09-02 20:36:46 : INFO] - Re_Smush_It_Task with attachment ID : 628, autocreated on : September 02, 2020 07:58:58 
[2020-09-02 20:36:46 : INFO] - 100 
[2020-09-02 20:36:48 : INFO] - Re_Smush_It_Task with attachment ID : 628, autocreated on : September 02, 2020 07:58:58 
[2020-09-02 20:36:48 : INFO] - 100 
[2020-09-02 20:36:50 : INFO] - Re_Smush_It_Task with attachment ID : 628, autocreated on : September 02, 2020 07:58:58 
[2020-09-02 20:36:50 : INFO] - 100 
[2020-09-02 20:36:53 : INFO] - Re_Smush_It_Task with attachment ID : 628, autocreated on : September 02, 2020 07:58:58 
[2020-09-02 20:36:53 : INFO] - 100 
[2020-09-02 20:36:55 : INFO] - Re_Smush_It_Task with attachment ID : 628, autocreated on : September 02, 2020 07:58:58 
[2020-09-02 20:36:55 : INFO] - 100 
[2020-09-02 20:36:57 : INFO] - Successfully optimized the image - /home/content/p3pewpnas02pod03_data01/64/43580664/html/wp-content/uploads/2020/09/20200105-20200105_D750_345-scaled.jpg.The file was compressed from 952.88 KB to 929.20 KB saving 2.48 percent using WP-Optimize 
[2020-09-02 20:36:57 : INFO] - Completed processing task with ID : 75, and type 'smush' 
[2020-09-02 20:36:57 : INFO] - Set semaphore last lock (smush) time to 2020-09-02 20:36:57 
[2020-09-02 20:36:57 : INFO] - Processing task with ID : 76, and type 'smush' 
[2020-09-02 20:36:57 : INFO] - Re_Smush_It_Task with attachment ID : 629, autocreated on : September 02, 2020 07:59:17 
[2020-09-02 20:36:57 : INFO] - 100 
[2020-09-02 20:37:01 : INFO] - Backing up the original image - 2020/09/20171217-JEF_7279-scaled-updraft-pre-smush-original.jpg 
[2020-09-02 20:37:01 : INFO] - Re_Smush_It_Task with attachment ID : 629, autocreated on : September 02, 2020 07:59:17 
[2020-09-02 20:37:01 : INFO] - 100 
[2020-09-02 20:37:02 : INFO] - Re_Smush_It_Task with attachment ID : 629, autocreated on : September 02, 2020 07:59:17 
[2020-09-02 20:37:02 : INFO] - 100 
[2020-09-02 20:37:04 : INFO] - Re_Smush_It_Task with attachment ID : 629, autocreated on : September 02, 2020 07:59:17 
[2020-09-02 20:37:04 : INFO] - 100 
[2020-09-02 20:37:06 : INFO] - Re_Smush_It_Task with attachment ID : 629, autocreated on : September 02, 2020 07:59:17 
[2020-09-02 20:37:06 : INFO] - 100 
[2020-09-02 20:37:08 : INFO] - Re_Smush_It_Task with attachment ID : 629, autocreated on : September 02, 2020 07:59:17 
[2020-09-02 20:37:08 : INFO] - 100 
[2020-09-02 20:37:10 : INFO] - Re_Smush_It_Task with attachment ID : 629, autocreated on : September 02, 2020 07:59:17 
[2020-09-02 20:37:10 : INFO] - 100 
[2020-09-02 20:37:13 : INFO] - Re_Smush_It_Task with attachment ID : 629, autocreated on : September 02, 2020 07:59:17 
[2020-09-02 20:37:13 : INFO] - 100 
[2020-09-02 20:37:16 : INFO] - Re_Smush_It_Task with attachment ID : 629, autocreated on : September 02, 2020 07:59:17 
[2020-09-02 20:37:16 : INFO] - 100 
[2020-09-02 20:37:17 : INFO] - Successfully optimized the image - /home/content/p3pewpnas02pod03_data01/64/43580664/html/wp-content/uploads/2020/09/20171217-JEF_7279-scaled.jpg.The file was compressed from 855.40 KB to 849.08 KB saving 0.74 percent using WP-Optimize 
[2020-09-02 20:37:17 : INFO] - Completed processing task with ID : 76, and type 'smush' 
[2020-09-02 20:37:17 : INFO] - Set semaphore last lock (smush) time to 2020-09-02 20:37:17 
[2020-09-02 20:37:17 : INFO] - Processing task with ID : 77, and type 'smush' 
[2020-09-02 20:37:17 : INFO] - Task with ID 77 and type (smush) failed with error code invalid_file_type - /home/content/p3pewpnas02pod03_data01/64/43580664/html/wp-content/uploads/2020/09/Risk-Management-Policy-2020-v3.pdf - cannot be optimized, it has an invalid file type 
[2020-09-02 20:37:17 : INFO] - Processing task with ID : 78, and type 'smush' 
[2020-09-02 20:37:17 : INFO] - Re_Smush_It_Task with attachment ID : 641, autocreated on : September 02, 2020 08:17:07 
[2020-09-02 20:37:17 : INFO] - 100 
[2020-09-02 20:37:20 : INFO] - Backing up the original image - 2020/09/20171217-JEF_7273-updraft-pre-smush-original.jpg 
[2020-09-02 20:37:20 : INFO] - Re_Smush_It_Task with attachment ID : 641, autocreated on : September 02, 2020 08:17:07 
[2020-09-02 20:37:20 : INFO] - 100 
[2020-09-02 20:37:22 : INFO] - Re_Smush_It_Task with attachment ID : 641, autocreated on : September 02, 2020 08:17:07 
[2020-09-02 20:37:22 : INFO] - 100 
[2020-09-02 20:37:24 : INFO] - Re_Smush_It_Task with attachment ID : 641, autocreated on : September 02, 2020 08:17:07 
[2020-09-02 20:37:24 : INFO] - 100 
[2020-09-02 20:37:25 : INFO] - Re_Smush_It_Task with attachment ID : 641, autocreated on : September 02, 2020 08:17:07 
[2020-09-02 20:37:25 : INFO] - 100 
[2020-09-02 20:37:27 : INFO] - Re_Smush_It_Task with attachment ID : 641, autocreated on : September 02, 2020 08:17:07 
[2020-09-02 20:37:27 : INFO] - 100 
[2020-09-02 20:37:29 : INFO] - Re_Smush_It_Task with attachment ID : 641, autocreated on : September 02, 2020 08:17:07 
[2020-09-02 20:37:29 : INFO] - 100 
[2020-09-02 20:37:31 : INFO] - Re_Smush_It_Task with attachment ID : 641, autocreated on : September 02, 2020 08:17:07 
[2020-09-02 20:37:31 : INFO] - 100 
[2020-09-02 20:37:32 : INFO] - Successfully optimized the image - /home/content/p3pewpnas02pod03_data01/64/43580664/html/wp-content/uploads/2020/09/20171217-JEF_7273.jpg.The file was compressed from 753.95 KB to 663.90 KB saving 11.94 percent using WP-Optimize 
[2020-09-02 20:37:32 : INFO] - Completed processing task with ID : 78, and type 'smush' 
[2020-09-02 20:37:32 : INFO] - Processing task with ID : 79, and type 'smush' 
[2020-09-02 20:37:32 : INFO] - Re_Smush_It_Task with attachment ID : 649, autocreated on : September 02, 2020 08:25:12 
[2020-09-02 20:37:32 : INFO] - 100 
[2020-09-02 20:37:36 : INFO] - Backing up the original image - 2020/09/20190607-_JEF0407-updraft-pre-smush-original.jpg 
[2020-09-02 20:37:36 : INFO] - Re_Smush_It_Task with attachment ID : 649, autocreated on : September 02, 2020 08:25:12 
[2020-09-02 20:37:36 : INFO] - 100 
[2020-09-02 20:37:38 : INFO] - Re_Smush_It_Task with attachment ID : 649, autocreated on : September 02, 2020 08:25:12 
[2020-09-02 20:37:38 : INFO] - 100 
[2020-09-02 20:37:40 : INFO] - Re_Smush_It_Task with attachment ID : 649, autocreated on : September 02, 2020 08:25:12 
[2020-09-02 20:37:40 : INFO] - 100 
[2020-09-02 20:37:41 : INFO] - Re_Smush_It_Task with attachment ID : 649, autocreated on : September 02, 2020 08:25:12 
[2020-09-02 20:37:41 : INFO] - 100 
[2020-09-02 20:37:44 : INFO] - Re_Smush_It_Task with attachment ID : 649, autocreated on : September 02, 2020 08:25:12 
[2020-09-02 20:37:44 : INFO] - 100 
[2020-09-02 20:37:46 : INFO] - Re_Smush_It_Task with attachment ID : 649, autocreated on : September 02, 2020 08:25:12 
[2020-09-02 20:37:46 : INFO] - 100 
[2020-09-02 20:37:48 : INFO] - Successfully optimized the image - /home/content/p3pewpnas02pod03_data01/64/43580664/html/wp-content/uploads/2020/09/20190607-_JEF0407.jpg.The file was compressed from 1.49 MB to 1.39 MB saving 6.9 percent using WP-Optimize 
[2020-09-02 20:37:48 : INFO] - Completed processing task with ID : 79, and type 'smush' 
[2020-09-02 20:37:48 : INFO] - Set semaphore last lock (smush) time to 2020-09-02 20:37:48 
[2020-09-02 20:37:48 : INFO] - Processing task with ID : 80, and type 'smush' 
[2020-09-02 20:37:48 : INFO] - Re_Smush_It_Task with attachment ID : 650, autocreated on : September 02, 2020 08:25:28 
[2020-09-02 20:37:48 : INFO] - 100 
[2020-09-02 20:37:53 : INFO] - Backing up the original image - 2020/09/20190607-_JEF0407-1-updraft-pre-smush-original.jpg 
[2020-09-02 20:37:53 : INFO] - Re_Smush_It_Task with attachment ID : 650, autocreated on : September 02, 2020 08:25:28 
[2020-09-02 20:37:53 : INFO] - 100 
[2020-09-02 20:37:55 : INFO] - Re_Smush_It_Task with attachment ID : 650, autocreated on : September 02, 2020 08:25:28 
[2020-09-02 20:37:55 : INFO] - 100 
[2020-09-02 20:37:57 : INFO] - Re_Smush_It_Task with attachment ID : 650, autocreated on : September 02, 2020 08:25:28 
[2020-09-02 20:37:57 : INFO] - 100 
[2020-09-02 20:37:58 : INFO] - Re_Smush_It_Task with attachment ID : 650, autocreated on : September 02, 2020 08:25:28 
[2020-09-02 20:37:58 : INFO] - 100 
[2020-09-02 20:38:01 : INFO] - Re_Smush_It_Task with attachment ID : 650, autocreated on : September 02, 2020 08:25:28 
[2020-09-02 20:38:01 : INFO] - 100 
[2020-09-02 20:38:03 : INFO] - Re_Smush_It_Task with attachment ID : 650, autocreated on : September 02, 2020 08:25:28 
[2020-09-02 20:38:03 : INFO] - 100 
[2020-09-02 20:38:05 : INFO] - Successfully optimized the image - /home/content/p3pewpnas02pod03_data01/64/43580664/html/wp-content/uploads/2020/09/20190607-_JEF0407-1.jpg.The file was compressed from 1.49 MB to 1.39 MB saving 6.9 percent using WP-Optimize 
[2020-09-02 20:38:05 : INFO] - Completed processing task with ID : 80, and type 'smush' 
[2020-09-02 20:38:05 : INFO] - Decremented the semaphore (smush) by 1 
[2020-09-02 20:38:05 : INFO] - Semaphore (smush) unlocked 
[2020-09-02 20:38:05 : INFO] - Successfully processed the queue (smush). 6 tasks were processed out of 6. 
[2020-09-02 20:38:05 : INFO] - Semaphore (smush, wp_wm2m5qq27d_options) was successfully cleaned up 
[2020-09-02 20:38:05 : INFO] - Cleaning up tasks of type (smush). A total of 6 tasks will be deleted. 
[2020-09-02 20:45:31 : INFO] - Re_Smush_It_Task with attachment ID : 654, autocreated on : September 02, 2020 08:45:31 
[2020-09-05 21:52:11 : INFO] - Re_Smush_It_Task with attachment ID : 668, autocreated on : September 05, 2020 09:52:11 
[2020-09-05 22:34:09 : INFO] - 
 
[2020-09-05 22:34:09 : INFO] - Header for logs at time:  Sat, 05 Sep 2020 22:34:09 +0000 on https://www.gsandiamo.com 
[2020-09-05 22:34:09 : INFO] - WP: 5.5 
[2020-09-05 22:34:09 : INFO] - PHP: 7.3.12 (cli, Linux p3nlwpweb302.prod.phx3.secureserver.net 4.4.216-1.el6.elrepo.x86_64 #1 SMP Wed Mar 11 09:29:51 EDT 2020 x86_64) 
[2020-09-05 22:34:09 : INFO] - MySQL: 5.7.26 
[2020-09-05 22:34:09 : INFO] - WPLANG: en_US 
[2020-09-05 22:34:09 : INFO] - Server:  
[2020-09-05 22:34:09 : INFO] - Outbound connections: N 
[2020-09-05 22:34:09 : INFO] - safe_mode: 0 
[2020-09-05 22:34:09 : INFO] - max_execution_time: 0 
[2020-09-05 22:34:09 : INFO] - memory_limit: -1 (used: 66.9M | 69M) 
[2020-09-05 22:34:09 : INFO] - multisite: N 
[2020-09-05 22:34:09 : INFO] - openssl: OpenSSL 1.0.1e 11 Feb 2013 
[2020-09-05 22:34:09 : INFO] - A total of 2 tasks of type smush found and will be processed in this iteration 
[2020-09-05 22:34:09 : INFO] - Set semaphore last lock (smush) time to 2020-09-05 22:34:09 
[2020-09-05 22:34:09 : INFO] - Semaphore lock (smush) complete 
[2020-09-05 22:34:09 : INFO] - Processing task with ID : 81, and type 'smush' 
[2020-09-05 22:34:09 : INFO] - Re_Smush_It_Task with attachment ID : 654, autocreated on : September 02, 2020 08:45:31 
[2020-09-05 22:34:09 : INFO] - 100 
[2020-09-05 22:34:13 : INFO] - Backing up the original image - 2020/09/20181118-20181118_D7100_Road_Clinics_661-updraft-pre-smush-original.jpg 
[2020-09-05 22:34:13 : INFO] - Re_Smush_It_Task with attachment ID : 654, autocreated on : September 02, 2020 08:45:31 
[2020-09-05 22:34:13 : INFO] - 100 
[2020-09-05 22:34:14 : INFO] - Re_Smush_It_Task with attachment ID : 654, autocreated on : September 02, 2020 08:45:31 
[2020-09-05 22:34:14 : INFO] - 100 
[2020-09-05 22:34:16 : INFO] - Re_Smush_It_Task with attachment ID : 654, autocreated on : September 02, 2020 08:45:31 
[2020-09-05 22:34:16 : INFO] - 100 
[2020-09-05 22:34:18 : INFO] - Re_Smush_It_Task with attachment ID : 654, autocreated on : September 02, 2020 08:45:31 
[2020-09-05 22:34:18 : INFO] - 100 
[2020-09-05 22:34:20 : INFO] - Re_Smush_It_Task with attachment ID : 654, autocreated on : September 02, 2020 08:45:31 
[2020-09-05 22:34:20 : INFO] - 100 
[2020-09-05 22:34:22 : INFO] - Re_Smush_It_Task with attachment ID : 654, autocreated on : September 02, 2020 08:45:31 
[2020-09-05 22:34:22 : INFO] - 100 
[2020-09-05 22:34:24 : INFO] - Re_Smush_It_Task with attachment ID : 654, autocreated on : September 02, 2020 08:45:31 
[2020-09-05 22:34:24 : INFO] - 100 
[2020-09-05 22:34:26 : INFO] - Successfully optimized the image - /home/content/p3pewpnas02pod03_data01/64/43580664/html/wp-content/uploads/2020/09/20181118-20181118_D7100_Road_Clinics_661.jpg.The file was compressed from 806.32 KB to 763.92 KB saving 5.26 percent using WP-Optimize 
[2020-09-05 22:34:26 : INFO] - Completed processing task with ID : 81, and type 'smush' 
[2020-09-05 22:34:26 : INFO] - Processing task with ID : 82, and type 'smush' 
[2020-09-05 22:34:26 : INFO] - Re_Smush_It_Task with attachment ID : 668, autocreated on : September 05, 2020 09:52:11 
[2020-09-05 22:34:26 : INFO] - 100 
[2020-09-05 22:34:29 : INFO] - Backing up the original image - 2020/09/20181118-20181118_D7100_Road_Clinics_313-updraft-pre-smush-original.jpg 
[2020-09-05 22:34:29 : INFO] - Re_Smush_It_Task with attachment ID : 668, autocreated on : September 05, 2020 09:52:11 
[2020-09-05 22:34:29 : INFO] - 100 
[2020-09-05 22:34:31 : INFO] - Re_Smush_It_Task with attachment ID : 668, autocreated on : September 05, 2020 09:52:11 
[2020-09-05 22:34:31 : INFO] - 100 
[2020-09-05 22:34:33 : INFO] - Re_Smush_It_Task with attachment ID : 668, autocreated on : September 05, 2020 09:52:11 
[2020-09-05 22:34:33 : INFO] - 100 
[2020-09-05 22:34:34 : INFO] - Re_Smush_It_Task with attachment ID : 668, autocreated on : September 05, 2020 09:52:11 
[2020-09-05 22:34:34 : INFO] - 100 
[2020-09-05 22:34:37 : INFO] - Re_Smush_It_Task with attachment ID : 668, autocreated on : September 05, 2020 09:52:11 
[2020-09-05 22:34:37 : INFO] - 100 
[2020-09-05 22:34:39 : INFO] - Re_Smush_It_Task with attachment ID : 668, autocreated on : September 05, 2020 09:52:11 
[2020-09-05 22:34:39 : INFO] - 100 
[2020-09-05 22:34:41 : INFO] - Re_Smush_It_Task with attachment ID : 668, autocreated on : September 05, 2020 09:52:11 
[2020-09-05 22:34:41 : INFO] - 100 
[2020-09-05 22:34:43 : INFO] - Successfully optimized the image - /home/content/p3pewpnas02pod03_data01/64/43580664/html/wp-content/uploads/2020/09/20181118-20181118_D7100_Road_Clinics_313.jpg.The file was compressed from 750.68 KB to 704.39 KB saving 6.17 percent using WP-Optimize 
[2020-09-05 22:34:43 : INFO] - Completed processing task with ID : 82, and type 'smush' 
[2020-09-05 22:34:43 : INFO] - Set semaphore last lock (smush) time to 2020-09-05 22:34:43 
[2020-09-05 22:34:43 : INFO] - Decremented the semaphore (smush) by 1 
[2020-09-05 22:34:43 : INFO] - Semaphore (smush) unlocked 
[2020-09-05 22:34:43 : INFO] - Successfully processed the queue (smush). 2 tasks were processed out of 2. 
[2020-09-05 22:34:43 : INFO] - Semaphore (smush, wp_wm2m5qq27d_options) was successfully cleaned up 
[2020-09-05 22:34:43 : INFO] - Cleaning up tasks of type (smush). A total of 2 tasks will be deleted. 
[2020-09-05 23:56:18 : INFO] - 
 
[2020-09-05 23:56:18 : INFO] - Header for logs at time:  Sat, 05 Sep 2020 23:56:18 +0000 on https://www.gsandiamo.com 
[2020-09-05 23:56:18 : INFO] - WP: 5.5 
[2020-09-05 23:56:18 : INFO] - PHP: 7.3.12 (cli, Linux p3nlwpweb288.prod.phx3.secureserver.net 4.4.216-1.el6.elrepo.x86_64 #1 SMP Wed Mar 11 09:29:51 EDT 2020 x86_64) 
[2020-09-05 23:56:18 : INFO] - MySQL: 5.7.26 
[2020-09-05 23:56:18 : INFO] - WPLANG: en_US 
[2020-09-05 23:56:18 : INFO] - Server:  
[2020-09-05 23:56:18 : INFO] - Outbound connections: N 
[2020-09-05 23:56:18 : INFO] - safe_mode: 0 
[2020-09-05 23:56:18 : INFO] - max_execution_time: 0 
[2020-09-05 23:56:18 : INFO] - memory_limit: -1 (used: 18.8M | 22M) 
[2020-09-05 23:56:18 : INFO] - multisite: N 
[2020-09-05 23:56:18 : INFO] - openssl: OpenSSL 1.0.1e 11 Feb 2013 
[2020-09-05 23:56:18 : INFO] - The queue for tasks of type "smush" is empty. Aborting! 
[2020-09-12 17:12:09 : INFO] - Re_Smush_It_Task with attachment ID : 680, autocreated on : September 12, 2020 05:12:09 
[2020-09-12 17:36:21 : INFO] - Re_Smush_It_Task with attachment ID : 690, autocreated on : September 12, 2020 05:36:21 
[2020-09-12 17:45:26 : INFO] - Re_Smush_It_Task with attachment ID : 692, autocreated on : September 12, 2020 05:45:26 
[2020-09-12 17:47:12 : INFO] - Re_Smush_It_Task with attachment ID : 694, autocreated on : September 12, 2020 05:47:12 
[2020-09-12 17:49:57 : INFO] - Re_Smush_It_Task with attachment ID : 696, autocreated on : September 12, 2020 05:49:57 
[2020-09-12 17:50:55 : INFO] - Re_Smush_It_Task with attachment ID : 698, autocreated on : September 12, 2020 05:50:55 
[2020-09-12 17:52:05 : INFO] - Re_Smush_It_Task with attachment ID : 700, autocreated on : September 12, 2020 05:52:05 
[2020-09-12 17:53:45 : INFO] - Re_Smush_It_Task with attachment ID : 703, autocreated on : September 12, 2020 05:53:45 
[2020-09-12 18:59:41 : INFO] - 
 
[2020-09-12 18:59:41 : INFO] - Header for logs at time:  Sat, 12 Sep 2020 18:59:41 +0000 on https://www.gsandiamo.com 
[2020-09-12 18:59:41 : INFO] - WP: 5.5.1 
[2020-09-12 18:59:41 : INFO] - PHP: 7.3.12 (cli, Linux p3nlwpweb302.prod.phx3.secureserver.net 4.4.216-1.el6.elrepo.x86_64 #1 SMP Wed Mar 11 09:29:51 EDT 2020 x86_64) 
[2020-09-12 18:59:41 : INFO] - MySQL: 5.7.26 
[2020-09-12 18:59:41 : INFO] - WPLANG: en_US 
[2020-09-12 18:59:41 : INFO] - Server:  
[2020-09-12 18:59:41 : INFO] - Outbound connections: N 
[2020-09-12 18:59:41 : INFO] - safe_mode: 0 
[2020-09-12 18:59:41 : INFO] - max_execution_time: 30 
[2020-09-12 18:59:41 : INFO] - memory_limit: -1 (used: 96.2M | 105M) 
[2020-09-12 18:59:41 : INFO] - multisite: N 
[2020-09-12 18:59:41 : INFO] - openssl: OpenSSL 1.0.1e 11 Feb 2013 
[2020-09-12 18:59:41 : INFO] - A total of 8 tasks of type smush found and will be processed in this iteration 
[2020-09-12 18:59:41 : INFO] - Set semaphore last lock (smush) time to 2020-09-12 18:59:41 
[2020-09-12 18:59:41 : INFO] - Semaphore lock (smush) complete 
[2020-09-12 18:59:41 : INFO] - Processing task with ID : 83, and type 'smush' 
[2020-09-12 18:59:41 : INFO] - Re_Smush_It_Task with attachment ID : 680, autocreated on : September 12, 2020 05:12:09 
[2020-09-12 18:59:41 : INFO] - 100 
[2020-09-12 18:59:43 : INFO] - Backing up the original image - woocommerce-placeholder-updraft-pre-smush-original.png 
[2020-09-12 18:59:43 : INFO] - Re_Smush_It_Task with attachment ID : 680, autocreated on : September 12, 2020 05:12:09 
[2020-09-12 18:59:43 : INFO] - 100 
[2020-09-12 18:59:44 : INFO] - Re_Smush_It_Task with attachment ID : 680, autocreated on : September 12, 2020 05:12:09 
[2020-09-12 18:59:44 : INFO] - 100 
[2020-09-12 18:59:46 : INFO] - Re_Smush_It_Task with attachment ID : 680, autocreated on : September 12, 2020 05:12:09 
[2020-09-12 18:59:46 : INFO] - 100 
[2020-09-12 18:59:47 : INFO] - Re_Smush_It_Task with attachment ID : 680, autocreated on : September 12, 2020 05:12:09 
[2020-09-12 18:59:47 : INFO] - 100 
[2020-09-12 18:59:48 : INFO] - Re_Smush_It_Task with attachment ID : 680, autocreated on : September 12, 2020 05:12:09 
[2020-09-12 18:59:48 : INFO] - 100 
[2020-09-12 18:59:50 : INFO] - Re_Smush_It_Task with attachment ID : 680, autocreated on : September 12, 2020 05:12:09 
[2020-09-12 18:59:50 : INFO] - 100 
[2020-09-12 18:59:51 : INFO] - Successfully optimized the image - /home/content/p3pewpnas02pod03_data01/64/43580664/html/wp-content/uploads/woocommerce-placeholder.png.The file was compressed from 100.24 KB to 73.05 KB saving 27.12 percent using WP-Optimize 
[2020-09-12 18:59:51 : INFO] - Completed processing task with ID : 83, and type 'smush' 
[2020-09-12 18:59:51 : INFO] - Processing task with ID : 84, and type 'smush' 
[2020-09-12 18:59:51 : INFO] - Re_Smush_It_Task with attachment ID : 690, autocreated on : September 12, 2020 05:36:21 
[2020-09-12 18:59:51 : INFO] - 100 
[2020-09-12 18:59:53 : INFO] - Backing up the original image - 2020/09/scott_218094_11_z-updraft-pre-smush-original.jpg 
[2020-09-12 18:59:53 : INFO] - Re_Smush_It_Task with attachment ID : 690, autocreated on : September 12, 2020 05:36:21 
[2020-09-12 18:59:53 : INFO] - 100 
[2020-09-12 18:59:54 : INFO] - Re_Smush_It_Task with attachment ID : 690, autocreated on : September 12, 2020 05:36:21 
[2020-09-12 18:59:54 : INFO] - 100 
[2020-09-12 18:59:56 : INFO] - Re_Smush_It_Task with attachment ID : 690, autocreated on : September 12, 2020 05:36:21 
[2020-09-12 18:59:56 : INFO] - 100 
[2020-09-12 18:59:57 : INFO] - Re_Smush_It_Task with attachment ID : 690, autocreated on : September 12, 2020 05:36:21 
[2020-09-12 18:59:57 : INFO] - 100 
[2020-09-12 18:59:58 : INFO] - Re_Smush_It_Task with attachment ID : 690, autocreated on : September 12, 2020 05:36:21 
[2020-09-12 18:59:58 : INFO] - 100 
[2020-09-12 19:00:00 : INFO] - Re_Smush_It_Task with attachment ID : 690, autocreated on : September 12, 2020 05:36:21 
[2020-09-12 19:00:00 : INFO] - 100 
[2020-09-12 19:00:02 : INFO] - Re_Smush_It_Task with attachment ID : 690, autocreated on : September 12, 2020 05:36:21 
[2020-09-12 19:00:02 : INFO] - 100 
[2020-09-12 19:00:03 : INFO] - Re_Smush_It_Task with attachment ID : 690, autocreated on : September 12, 2020 05:36:21 
[2020-09-12 19:00:03 : INFO] - 100 
[2020-09-12 19:00:04 : INFO] - Re_Smush_It_Task with attachment ID : 690, autocreated on : September 12, 2020 05:36:21 
[2020-09-12 19:00:04 : INFO] - 100 
[2020-09-12 19:00:05 : INFO] - Successfully optimized the image - /home/content/p3pewpnas02pod03_data01/64/43580664/html/wp-content/uploads/2020/09/scott_218094_11_z.jpg.The file was compressed from 287.03 KB to 274.15 KB saving 4.49 percent using WP-Optimize 
[2020-09-12 19:00:06 : INFO] - Completed processing task with ID : 84, and type 'smush' 
[2020-09-12 19:00:06 : INFO] - Set semaphore last lock (smush) time to 2020-09-12 19:00:06 
[2020-09-12 19:00:06 : INFO] - Processing task with ID : 85, and type 'smush' 
[2020-09-12 19:00:06 : INFO] - Re_Smush_It_Task with attachment ID : 692, autocreated on : September 12, 2020 05:45:26 
[2020-09-12 19:00:06 : INFO] - 100 
[2020-09-12 19:00:07 : INFO] - Backing up the original image - 2020/09/frog-road-58-updraft-pre-smush-original.jpg 
[2020-09-12 19:00:07 : INFO] - Re_Smush_It_Task with attachment ID : 692, autocreated on : September 12, 2020 05:45:26 
[2020-09-12 19:00:07 : INFO] - 100 
[2020-09-12 19:00:08 : INFO] - Re_Smush_It_Task with attachment ID : 692, autocreated on : September 12, 2020 05:45:26 
[2020-09-12 19:00:08 : INFO] - 100 
[2020-09-12 19:00:09 : INFO] - Re_Smush_It_Task with attachment ID : 692, autocreated on : September 12, 2020 05:45:26 
[2020-09-12 19:00:09 : INFO] - 100 
[2020-09-12 19:00:10 : INFO] - Successfully optimized the image - /home/content/p3pewpnas02pod03_data01/64/43580664/html/wp-content/uploads/2020/09/frog-road-58.jpg.The file was compressed from 13.26 KB to 12.87 KB saving 2.92 percent using WP-Optimize 
[2020-09-12 19:00:10 : INFO] - Completed processing task with ID : 85, and type 'smush' 
[2020-09-12 19:00:10 : INFO] - Processing task with ID : 86, and type 'smush' 
[2020-09-12 19:00:10 : INFO] - Re_Smush_It_Task with attachment ID : 694, autocreated on : September 12, 2020 05:47:12 
[2020-09-12 19:00:10 : INFO] - 100 
[2020-09-12 19:00:11 : INFO] - Backing up the original image - 2020/09/a35d5827-88ad-4ffc-8c19-609f5b0e88d3_256-updraft-pre-smush-original.jpg 
[2020-09-12 19:00:11 : INFO] - Re_Smush_It_Task with attachment ID : 694, autocreated on : September 12, 2020 05:47:12 
[2020-09-12 19:00:11 : INFO] - 100 
[2020-09-12 19:00:12 : INFO] - Re_Smush_It_Task with attachment ID : 694, autocreated on : September 12, 2020 05:47:12 
[2020-09-12 19:00:12 : INFO] - 100 
[2020-09-12 19:00:13 : INFO] - Re_Smush_It_Task with attachment ID : 694, autocreated on : September 12, 2020 05:47:12 
[2020-09-12 19:00:13 : INFO] - 100 
[2020-09-12 19:00:14 : INFO] - Successfully optimized the image - /home/content/p3pewpnas02pod03_data01/64/43580664/html/wp-content/uploads/2020/09/a35d5827-88ad-4ffc-8c19-609f5b0e88d3_256.jpg.The file was compressed from 10.56 KB to 9.75 KB saving 7.66 percent using WP-Optimize 
[2020-09-12 19:00:14 : INFO] - Completed processing task with ID : 86, and type 'smush' 
[2020-09-12 19:00:14 : INFO] - Processing task with ID : 87, and type 'smush' 
[2020-09-12 19:00:14 : INFO] - Re_Smush_It_Task with attachment ID : 696, autocreated on : September 12, 2020 05:49:57 
[2020-09-12 19:00:14 : INFO] - 100 
[2020-09-12 19:00:15 : INFO] - Backing up the original image - 2020/09/34528fa6-7f4a-456c-981c-aa24ed1c1dcf_256-updraft-pre-smush-original.jpg 
[2020-09-12 19:00:15 : INFO] - Re_Smush_It_Task with attachment ID : 696, autocreated on : September 12, 2020 05:49:57 
[2020-09-12 19:00:15 : INFO] - 100 
[2020-09-12 19:00:16 : INFO] - Re_Smush_It_Task with attachment ID : 696, autocreated on : September 12, 2020 05:49:57 
[2020-09-12 19:00:16 : INFO] - 100 
[2020-09-12 19:00:17 : INFO] - Re_Smush_It_Task with attachment ID : 696, autocreated on : September 12, 2020 05:49:57 
[2020-09-12 19:00:17 : INFO] - 100 
[2020-09-12 19:00:18 : INFO] - Successfully optimized the image - /home/content/p3pewpnas02pod03_data01/64/43580664/html/wp-content/uploads/2020/09/34528fa6-7f4a-456c-981c-aa24ed1c1dcf_256.jpg.The file was compressed from 12.50 KB to 11.91 KB saving 4.74 percent using WP-Optimize 
[2020-09-12 19:00:18 : INFO] - Completed processing task with ID : 87, and type 'smush' 
[2020-09-12 19:00:18 : INFO] - Processing task with ID : 88, and type 'smush' 
[2020-09-12 19:00:18 : INFO] - Re_Smush_It_Task with attachment ID : 698, autocreated on : September 12, 2020 05:50:55 
[2020-09-12 19:00:18 : INFO] - 100 
[2020-09-12 19:00:19 : INFO] - Backing up the original image - 2020/09/a35d5827-88ad-4ffc-8c19-609f5b0e88d3_256-1-updraft-pre-smush-original.jpg 
[2020-09-12 19:00:19 : INFO] - Re_Smush_It_Task with attachment ID : 698, autocreated on : September 12, 2020 05:50:55 
[2020-09-12 19:00:19 : INFO] - 100 
[2020-09-12 19:00:21 : INFO] - Re_Smush_It_Task with attachment ID : 698, autocreated on : September 12, 2020 05:50:55 
[2020-09-12 19:00:21 : INFO] - 100 
[2020-09-12 19:00:22 : INFO] - Re_Smush_It_Task with attachment ID : 698, autocreated on : September 12, 2020 05:50:55 
[2020-09-12 19:00:22 : INFO] - 100 
[2020-09-12 19:00:23 : INFO] - Successfully optimized the image - /home/content/p3pewpnas02pod03_data01/64/43580664/html/wp-content/uploads/2020/09/a35d5827-88ad-4ffc-8c19-609f5b0e88d3_256-1.jpg.The file was compressed from 10.56 KB to 9.75 KB saving 7.66 percent using WP-Optimize 
[2020-09-12 19:00:23 : INFO] - Completed processing task with ID : 88, and type 'smush' 
[2020-09-12 19:00:23 : INFO] - Processing task with ID : 89, and type 'smush' 
[2020-09-12 19:00:23 : INFO] - Re_Smush_It_Task with attachment ID : 700, autocreated on : September 12, 2020 05:52:05 
[2020-09-12 19:00:23 : INFO] - 100 
[2020-09-12 19:00:24 : INFO] - Backing up the original image - 2020/09/860e9fe8-f9d5-4a65-8d38-f95c50fe136f_256-updraft-pre-smush-original.jpg 
[2020-09-12 19:00:24 : INFO] - Re_Smush_It_Task with attachment ID : 700, autocreated on : September 12, 2020 05:52:05 
[2020-09-12 19:00:24 : INFO] - 100 
[2020-09-12 19:00:25 : INFO] - Re_Smush_It_Task with attachment ID : 700, autocreated on : September 12, 2020 05:52:05 
[2020-09-12 19:00:25 : INFO] - 100 
[2020-09-12 19:00:26 : INFO] - Re_Smush_It_Task with attachment ID : 700, autocreated on : September 12, 2020 05:52:05 
[2020-09-12 19:00:26 : INFO] - 100 
[2020-09-12 19:00:27 : INFO] - Successfully optimized the image - /home/content/p3pewpnas02pod03_data01/64/43580664/html/wp-content/uploads/2020/09/860e9fe8-f9d5-4a65-8d38-f95c50fe136f_256.jpg.The file was compressed from 9.11 KB to 8.60 KB saving 5.61 percent using WP-Optimize 
[2020-09-12 19:00:27 : INFO] - Completed processing task with ID : 89, and type 'smush' 
[2020-09-12 19:00:27 : INFO] - Set semaphore last lock (smush) time to 2020-09-12 19:00:27 
[2020-09-12 19:00:27 : INFO] - Processing task with ID : 90, and type 'smush' 
[2020-09-12 19:00:27 : INFO] - Re_Smush_It_Task with attachment ID : 703, autocreated on : September 12, 2020 05:53:45 
[2020-09-12 19:00:27 : INFO] - 100 
[2020-09-12 19:00:28 : INFO] - Backing up the original image - 2020/09/0c750c84-fe15-4244-bcbc-cbc7f73624c7_256-updraft-pre-smush-original.jpg 
[2020-09-12 19:00:28 : INFO] - Re_Smush_It_Task with attachment ID : 703, autocreated on : September 12, 2020 05:53:45 
[2020-09-12 19:00:28 : INFO] - 100 
[2020-09-12 19:00:29 : INFO] - Re_Smush_It_Task with attachment ID : 703, autocreated on : September 12, 2020 05:53:45 
[2020-09-12 19:00:29 : INFO] - 100 
[2020-09-12 19:00:30 : INFO] - Re_Smush_It_Task with attachment ID : 703, autocreated on : September 12, 2020 05:53:45 
[2020-09-12 19:00:30 : INFO] - 100 
[2020-09-12 19:00:31 : INFO] - Successfully optimized the image - /home/content/p3pewpnas02pod03_data01/64/43580664/html/wp-content/uploads/2020/09/0c750c84-fe15-4244-bcbc-cbc7f73624c7_256.jpg.The file was compressed from 9.23 KB to 8.64 KB saving 6.39 percent using WP-Optimize 
[2020-09-12 19:00:31 : INFO] - Completed processing task with ID : 90, and type 'smush' 
[2020-09-12 19:00:31 : INFO] - Decremented the semaphore (smush) by 1 
[2020-09-12 19:00:31 : INFO] - Semaphore (smush) unlocked 
[2020-09-12 19:00:31 : INFO] - Successfully processed the queue (smush). 8 tasks were processed out of 8. 
[2020-09-12 19:00:31 : INFO] - Semaphore (smush, wp_wm2m5qq27d_options) was successfully cleaned up 
[2020-09-12 19:00:31 : INFO] - Cleaning up tasks of type (smush). A total of 8 tasks will be deleted. 
[2020-11-26 18:34:41 : INFO] - Re_Smush_It_Task with attachment ID : 708, autocreated on : November 26, 2020 06:34:41 
[2020-11-26 18:36:46 : INFO] - Re_Smush_It_Task with attachment ID : 710, autocreated on : November 26, 2020 06:36:46 
[2020-11-28 17:34:30 : INFO] - Re_Smush_It_Task with attachment ID : 716, autocreated on : November 28, 2020 05:34:30 
[2020-11-28 17:34:34 : INFO] - Re_Smush_It_Task with attachment ID : 717, autocreated on : November 28, 2020 05:34:34 
[2020-11-28 17:34:36 : INFO] - Re_Smush_It_Task with attachment ID : 718, autocreated on : November 28, 2020 05:34:36 
[2020-11-28 17:34:39 : INFO] - Re_Smush_It_Task with attachment ID : 719, autocreated on : November 28, 2020 05:34:39 
[2020-11-28 17:34:41 : INFO] - Re_Smush_It_Task with attachment ID : 720, autocreated on : November 28, 2020 05:34:41 
[2020-11-28 17:34:44 : INFO] - Re_Smush_It_Task with attachment ID : 721, autocreated on : November 28, 2020 05:34:44 
[2020-11-28 17:34:47 : INFO] - Re_Smush_It_Task with attachment ID : 722, autocreated on : November 28, 2020 05:34:47 
[2020-11-28 17:34:54 : INFO] - Re_Smush_It_Task with attachment ID : 723, autocreated on : November 28, 2020 05:34:54 
[2020-11-28 17:34:55 : INFO] - Re_Smush_It_Task with attachment ID : 724, autocreated on : November 28, 2020 05:34:55 
[2020-11-28 17:34:57 : INFO] - Re_Smush_It_Task with attachment ID : 725, autocreated on : November 28, 2020 05:34:57 
[2020-11-28 17:34:59 : INFO] - Re_Smush_It_Task with attachment ID : 726, autocreated on : November 28, 2020 05:34:59 
[2020-11-28 17:35:01 : INFO] - Re_Smush_It_Task with attachment ID : 727, autocreated on : November 28, 2020 05:35:01 
[2020-11-28 17:35:03 : INFO] - Re_Smush_It_Task with attachment ID : 728, autocreated on : November 28, 2020 05:35:03 
[2020-11-28 17:35:15 : INFO] - Re_Smush_It_Task with attachment ID : 729, autocreated on : November 28, 2020 05:35:15 
[2020-11-28 17:35:19 : INFO] - Re_Smush_It_Task with attachment ID : 730, autocreated on : November 28, 2020 05:35:18 
[2020-11-28 17:35:21 : INFO] - Re_Smush_It_Task with attachment ID : 731, autocreated on : November 28, 2020 05:35:21 
[2020-11-28 17:35:25 : INFO] - Re_Smush_It_Task with attachment ID : 732, autocreated on : November 28, 2020 05:35:25 
[2020-11-28 17:35:30 : INFO] - Re_Smush_It_Task with attachment ID : 733, autocreated on : November 28, 2020 05:35:30 
[2020-11-28 17:35:47 : INFO] - Re_Smush_It_Task with attachment ID : 734, autocreated on : November 28, 2020 05:35:46 
[2020-11-28 17:35:56 : INFO] - Re_Smush_It_Task with attachment ID : 735, autocreated on : November 28, 2020 05:35:56 
[2020-11-28 17:36:57 : INFO] - Re_Smush_It_Task with attachment ID : 736, autocreated on : November 28, 2020 05:36:57 
